-------------------------------------------------------------------------------
Test set: org.example.OrdersTest
-------------------------------------------------------------------------------
Tests run: 2, Failures: 1, Errors: 0, Skipped: 0, Time elapsed: 34.836 s <<< FAILURE! - in org.example.OrdersTest
deliveryOrder  Time elapsed: 17.478 s  <<< FAILURE!
org.opentest4j.AssertionFailedError: expected: <https://payment.webpay.by/> but was: <https://securesandbox.webpay.by/>
	at org.example.OrdersTest.deliveryOrder(OrdersTest.java:112)

